{"message":"User with email george.com created","level":"info"}
{"message":"User with email alex.com created","level":"info"}
{"message":"User with email joe.com created","level":"info"}
{"message":"User with email dave.com created","level":"info"}
{"message":"Event with id 1 started.","level":"info"}
{"message":"User with email testasdsad@test.com created","level":"info"}
{"message":"User with email tasdsdaestasdsad@test.com created","level":"info"}
{"message":"User with email derek@gmail.com created","level":"info"}
{"message":"User with email billy@gmail.com created","level":"info"}
{"message":"User with email alex@gmail.com created","level":"info"}
{"message":"User with email tasdsdaestasdsad@test.com created","level":"info"}
{"message":"User with email tasdsdaestasdasdsadasdsad@test.com created","level":"info"}
{"message":"User with email tasdsdaestasdasdsadasdsad@test.com created","level":"info"}
{"message":"User with email test479@test.com created","level":"info"}
{"message":"User with email test132@test.com created","level":"info"}
{"message":"User with email test201@test.com created","level":"info"}
{"message":"User with email one@aol.com created","level":"info"}
{"message":"User with email two@aol.com created","level":"info"}
{"message":"User with email three@aol.com created","level":"info"}
{"message":"User with email four@aol.com created","level":"info"}
{"message":"Event with id 39 started.","level":"info"}
{"message":"Event with id 39 started.","level":"info"}
{"message":"Event with id 39 started.","level":"info"}
{"message":"Event with id 39 started.","level":"info"}
